	Command being timed: "./P2.py -fq emp_files/1294_S1_L008_R1_001.fastq.gz emp_files/1294_S1_L008_R2_001.fastq.gz emp_files/1294_S1_L008_R3_001.fastq.gz emp_files/1294_S1_L008_R4_001.fastq.gz -fi emp_files/indexes.txt"
	User time (seconds): 5765.26
	System time (seconds): 81.24
	Percent of CPU this job got: 98%
	Elapsed (wall clock) time (h:mm:ss or m:ss): 1:38:28
	Average shared text size (kbytes): 0
	Average unshared data size (kbytes): 0
	Average stack size (kbytes): 0
	Average total size (kbytes): 0
	Maximum resident set size (kbytes): 144160
	Average resident set size (kbytes): 0
	Major (requiring I/O) page faults: 0
	Minor (reclaiming a frame) page faults: 2380208
	Voluntary context switches: 97392
	Involuntary context switches: 19869
	Swaps: 0
	File system inputs: 0
	File system outputs: 0
	Socket messages sent: 0
	Socket messages received: 0
	Signals delivered: 0
	Page size (bytes): 4096
	Exit status: 0
