	Command being timed: "./P2.py -fq emp_files/1294_S1_L008_R1_001.fastq.gz emp_files/1294_S1_L008_R2_001.fastq.gz emp_files/1294_S1_L008_R3_001.fastq.gz emp_files/1294_S1_L008_R4_001.fastq.gz -fi emp_files/indexes.txt"
	User time (seconds): 5294.34
	System time (seconds): 77.43
	Percent of CPU this job got: 92%
	Elapsed (wall clock) time (h:mm:ss or m:ss): 1:36:34
	Average shared text size (kbytes): 0
	Average unshared data size (kbytes): 0
	Average stack size (kbytes): 0
	Average total size (kbytes): 0
	Maximum resident set size (kbytes): 147932
	Average resident set size (kbytes): 0
	Major (requiring I/O) page faults: 0
	Minor (reclaiming a frame) page faults: 2703403
	Voluntary context switches: 114543
	Involuntary context switches: 2465
	Swaps: 0
	File system inputs: 0
	File system outputs: 0
	Socket messages sent: 0
	Socket messages received: 0
	Signals delivered: 0
	Page size (bytes): 4096
	Exit status: 0
