	Command being timed: "./demultiplex.py -fq ../emp_files/1294_S1_L008_R1_001.fastq.gz ../emp_files/1294_S1_L008_R2_001.fastq.gz ../emp_files/1294_S1_L008_R3_001.fastq.gz ../emp_files/1294_S1_L008_R4_001.fastq.gz -bar ../emp_files/indexes.txt -out ../demultiplexed_files/"
	User time (seconds): 6076.02
	System time (seconds): 54.85
	Percent of CPU this job got: 85%
	Elapsed (wall clock) time (h:mm:ss or m:ss): 1:59:49
	Average shared text size (kbytes): 0
	Average unshared data size (kbytes): 0
	Average stack size (kbytes): 0
	Average total size (kbytes): 0
	Maximum resident set size (kbytes): 145908
	Average resident set size (kbytes): 0
	Major (requiring I/O) page faults: 0
	Minor (reclaiming a frame) page faults: 2028693
	Voluntary context switches: 120445
	Involuntary context switches: 5048
	Swaps: 0
	File system inputs: 0
	File system outputs: 0
	Socket messages sent: 0
	Socket messages received: 0
	Signals delivered: 0
	Page size (bytes): 4096
	Exit status: 0
	Command being timed: "./plot_heatmap_from_hopped.py -fq ../demultiplexed_files/R1_hopped.fastq -bar ../emp_files/indexes.txt"
	User time (seconds): 3.28
	System time (seconds): 0.48
	Percent of CPU this job got: 83%
	Elapsed (wall clock) time (h:mm:ss or m:ss): 0:04.51
	Average shared text size (kbytes): 0
	Average unshared data size (kbytes): 0
	Average stack size (kbytes): 0
	Average total size (kbytes): 0
	Maximum resident set size (kbytes): 69000
	Average resident set size (kbytes): 0
	Major (requiring I/O) page faults: 0
	Minor (reclaiming a frame) page faults: 24768
	Voluntary context switches: 2661
	Involuntary context switches: 5
	Swaps: 0
	File system inputs: 0
	File system outputs: 0
	Socket messages sent: 0
	Socket messages received: 0
	Signals delivered: 0
	Page size (bytes): 4096
	Exit status: 0
